2025-01-16T14:24:31.058-03:00 TRACE 28809 --- [api] [restartedMain] eGlobalAuthenticationAutowiredConfigurer : Eagerly initializing {securityConfig=io.github.api.config.SecurityConfig$$SpringCGLIB$$0@7fa5c1e4}
2025-01-16T14:24:31.066-03:00  INFO 28809 --- [api] [restartedMain] eAuthenticationProviderManagerConfigurer : Global AuthenticationManager configured with AuthenticationProvider bean with name customAuthenticationProvider
2025-01-16T14:24:31.156-03:00 DEBUG 28809 --- [api] [restartedMain] s.w.s.m.m.a.RequestMappingHandlerMapping : 19 mappings in 'requestMappingHandlerMapping'
2025-01-16T14:24:31.238-03:00 DEBUG 28809 --- [api] [restartedMain] o.s.w.s.handler.SimpleUrlHandlerMapping  : Patterns [/webjars/**, /**, /swagger-ui*/*swagger-initializer.js, /swagger-ui*/**] in 'resourceHandlerMapping'
2025-01-16T14:24:31.328-03:00 DEBUG 28809 --- [api] [restartedMain] o.s.s.web.DefaultSecurityFilterChain     : Will secure any request with filters: DisableEncodeUrlFilter, WebAsyncManagerIntegrationFilter, SecurityContextHolderFilter, HeaderWriterFilter, LogoutFilter, OAuth2AuthorizationRequestRedirectFilter, OAuth2LoginAuthenticationFilter, UsernamePasswordAuthenticationFilter, DefaultResourcesFilter, DefaultLoginPageGeneratingFilter, DefaultLogoutPageGeneratingFilter, BasicAuthenticationFilter, RequestCacheAwareFilter, SecurityContextHolderAwareRequestFilter, AnonymousAuthenticationFilter, ExceptionTranslationFilter, AuthorizationFilter
2025-01-16T14:24:31.407-03:00 DEBUG 28809 --- [api] [restartedMain] s.w.s.m.m.a.RequestMappingHandlerAdapter : ControllerAdvice beans: 0 @ModelAttribute, 0 @InitBinder, 1 RequestBodyAdvice, 1 ResponseBodyAdvice
2025-01-16T14:24:31.441-03:00 DEBUG 28809 --- [api] [restartedMain] .m.m.a.ExceptionHandlerExceptionResolver : ControllerAdvice beans: 2 @ExceptionHandler, 1 ResponseBodyAdvice
2025-01-16T14:24:38.567-03:00  INFO 28809 --- [api] [http-nio-8080-exec-2] o.s.web.servlet.DispatcherServlet        : Initializing Servlet 'dispatcherServlet'
2025-01-16T14:24:38.568-03:00 DEBUG 28809 --- [api] [http-nio-8080-exec-2] o.s.web.servlet.DispatcherServlet        : Detected StandardServletMultipartResolver
2025-01-16T14:24:38.568-03:00 DEBUG 28809 --- [api] [http-nio-8080-exec-2] o.s.web.servlet.DispatcherServlet        : Detected AcceptHeaderLocaleResolver
2025-01-16T14:24:38.568-03:00 DEBUG 28809 --- [api] [http-nio-8080-exec-2] o.s.web.servlet.DispatcherServlet        : Detected FixedThemeResolver
2025-01-16T14:24:38.570-03:00 DEBUG 28809 --- [api] [http-nio-8080-exec-2] o.s.web.servlet.DispatcherServlet        : Detected org.springframework.web.servlet.view.DefaultRequestToViewNameTranslator@1a293d31
2025-01-16T14:24:38.571-03:00 DEBUG 28809 --- [api] [http-nio-8080-exec-2] o.s.web.servlet.DispatcherServlet        : Detected org.springframework.web.servlet.support.SessionFlashMapManager@10abffe1
2025-01-16T14:24:38.571-03:00 DEBUG 28809 --- [api] [http-nio-8080-exec-2] o.s.web.servlet.DispatcherServlet        : enableLoggingRequestDetails='false': request parameters and headers will be masked to prevent unsafe logging of potentially sensitive data
2025-01-16T14:24:38.571-03:00  INFO 28809 --- [api] [http-nio-8080-exec-2] o.s.web.servlet.DispatcherServlet        : Completed initialization in 3 ms
2025-01-16T14:24:38.581-03:00 TRACE 28809 --- [api] [http-nio-8080-exec-2] o.s.security.web.FilterChainProxy        : Trying to match request against DefaultSecurityFilterChain defined as 'filterChain' in [class path resource [io/github/api/config/SecurityConfig.class]] matching [any request] and having filters [DisableEncodeUrl, WebAsyncManagerIntegration, SecurityContextHolder, HeaderWriter, Logout, OAuth2AuthorizationRequestRedirect, OAuth2LoginAuthentication, UsernamePasswordAuthentication, DefaultResources, DefaultLoginPageGenerating, DefaultLogoutPageGenerating, BasicAuthentication, RequestCacheAware, SecurityContextHolderAwareRequest, AnonymousAuthentication, ExceptionTranslation, Authorization] (1/1)
2025-01-16T14:24:38.581-03:00 DEBUG 28809 --- [api] [http-nio-8080-exec-2] o.s.security.web.FilterChainProxy        : Securing GET /order?days=30
2025-01-16T14:24:38.581-03:00 TRACE 28809 --- [api] [http-nio-8080-exec-2] o.s.security.web.FilterChainProxy        : Invoking DisableEncodeUrlFilter (1/17)
2025-01-16T14:24:38.581-03:00 TRACE 28809 --- [api] [http-nio-8080-exec-2] o.s.security.web.FilterChainProxy        : Invoking WebAsyncManagerIntegrationFilter (2/17)
2025-01-16T14:24:38.583-03:00 TRACE 28809 --- [api] [http-nio-8080-exec-2] o.s.security.web.FilterChainProxy        : Invoking SecurityContextHolderFilter (3/17)
2025-01-16T14:24:38.584-03:00 TRACE 28809 --- [api] [http-nio-8080-exec-2] o.s.security.web.FilterChainProxy        : Invoking HeaderWriterFilter (4/17)
2025-01-16T14:24:38.585-03:00 TRACE 28809 --- [api] [http-nio-8080-exec-2] o.s.security.web.FilterChainProxy        : Invoking LogoutFilter (5/17)
2025-01-16T14:24:38.585-03:00 TRACE 28809 --- [api] [http-nio-8080-exec-2] o.s.s.w.a.logout.LogoutFilter            : Did not match request to Or [Ant [pattern='/logout', GET], Ant [pattern='/logout', POST], Ant [pattern='/logout', PUT], Ant [pattern='/logout', DELETE]]
2025-01-16T14:24:38.585-03:00 TRACE 28809 --- [api] [http-nio-8080-exec-2] o.s.security.web.FilterChainProxy        : Invoking OAuth2AuthorizationRequestRedirectFilter (6/17)
2025-01-16T14:24:38.585-03:00 TRACE 28809 --- [api] [http-nio-8080-exec-2] o.s.security.web.FilterChainProxy        : Invoking OAuth2LoginAuthenticationFilter (7/17)
2025-01-16T14:24:38.585-03:00 TRACE 28809 --- [api] [http-nio-8080-exec-2] .s.o.c.w.OAuth2LoginAuthenticationFilter : Did not match request to Ant [pattern='/login/oauth2/code/*']
2025-01-16T14:24:38.585-03:00 TRACE 28809 --- [api] [http-nio-8080-exec-2] o.s.security.web.FilterChainProxy        : Invoking UsernamePasswordAuthenticationFilter (8/17)
2025-01-16T14:24:38.585-03:00 TRACE 28809 --- [api] [http-nio-8080-exec-2] w.a.UsernamePasswordAuthenticationFilter : Did not match request to Ant [pattern='/login', POST]
2025-01-16T14:24:38.585-03:00 TRACE 28809 --- [api] [http-nio-8080-exec-2] o.s.security.web.FilterChainProxy        : Invoking DefaultResourcesFilter (9/17)
2025-01-16T14:24:38.585-03:00 TRACE 28809 --- [api] [http-nio-8080-exec-2] o.s.security.web.FilterChainProxy        : Invoking DefaultLoginPageGeneratingFilter (10/17)
2025-01-16T14:24:38.585-03:00 TRACE 28809 --- [api] [http-nio-8080-exec-2] o.s.security.web.FilterChainProxy        : Invoking DefaultLogoutPageGeneratingFilter (11/17)
2025-01-16T14:24:38.585-03:00 TRACE 28809 --- [api] [http-nio-8080-exec-2] .w.a.u.DefaultLogoutPageGeneratingFilter : Did not render default logout page since request did not match [Ant [pattern='/logout', GET]]
2025-01-16T14:24:38.586-03:00 TRACE 28809 --- [api] [http-nio-8080-exec-2] o.s.security.web.FilterChainProxy        : Invoking BasicAuthenticationFilter (12/17)
2025-01-16T14:24:38.586-03:00 TRACE 28809 --- [api] [http-nio-8080-exec-2] o.s.s.w.a.www.BasicAuthenticationFilter  : Found username 'Joao' in Basic Authorization header
2025-01-16T14:24:38.586-03:00 TRACE 28809 --- [api] [http-nio-8080-exec-2] w.c.HttpSessionSecurityContextRepository : No HttpSession currently exists
2025-01-16T14:24:38.586-03:00 TRACE 28809 --- [api] [http-nio-8080-exec-2] .s.s.w.c.SupplierDeferredSecurityContext : Created SecurityContextImpl [Null authentication]
2025-01-16T14:24:38.586-03:00 TRACE 28809 --- [api] [http-nio-8080-exec-2] .s.s.w.c.SupplierDeferredSecurityContext : Created SecurityContextImpl [Null authentication]
2025-01-16T14:24:38.587-03:00 TRACE 28809 --- [api] [http-nio-8080-exec-2] o.s.s.authentication.ProviderManager     : Authenticating request with CustomAuthenticationProvider (1/1)
2025-01-16T14:24:38.755-03:00 DEBUG 28809 --- [api] [http-nio-8080-exec-2] o.s.s.w.a.www.BasicAuthenticationFilter  : Set SecurityContextHolder to io.github.api.security.CustomAuthentication@58adc207
2025-01-16T14:24:38.755-03:00 TRACE 28809 --- [api] [http-nio-8080-exec-2] o.s.security.web.FilterChainProxy        : Invoking RequestCacheAwareFilter (13/17)
2025-01-16T14:24:38.760-03:00 TRACE 28809 --- [api] [http-nio-8080-exec-2] o.s.s.w.s.HttpSessionRequestCache        : matchingRequestParameterName is required for getMatchingRequest to lookup a value, but not provided
2025-01-16T14:24:38.760-03:00 TRACE 28809 --- [api] [http-nio-8080-exec-2] o.s.security.web.FilterChainProxy        : Invoking SecurityContextHolderAwareRequestFilter (14/17)
2025-01-16T14:24:38.761-03:00 TRACE 28809 --- [api] [http-nio-8080-exec-2] o.s.security.web.FilterChainProxy        : Invoking AnonymousAuthenticationFilter (15/17)
2025-01-16T14:24:38.761-03:00 TRACE 28809 --- [api] [http-nio-8080-exec-2] o.s.security.web.FilterChainProxy        : Invoking ExceptionTranslationFilter (16/17)
2025-01-16T14:24:38.761-03:00 TRACE 28809 --- [api] [http-nio-8080-exec-2] o.s.security.web.FilterChainProxy        : Invoking AuthorizationFilter (17/17)
2025-01-16T14:24:38.761-03:00 TRACE 28809 --- [api] [http-nio-8080-exec-2] estMatcherDelegatingAuthorizationManager : Authorizing GET /order?days=30
2025-01-16T14:24:38.761-03:00 TRACE 28809 --- [api] [http-nio-8080-exec-2] estMatcherDelegatingAuthorizationManager : Checking authorization on GET /order?days=30 using org.springframework.security.authorization.AuthenticatedAuthorizationManager@f6b261f
2025-01-16T14:24:38.761-03:00 TRACE 28809 --- [api] [http-nio-8080-exec-2] o.s.s.w.a.AnonymousAuthenticationFilter  : Did not set SecurityContextHolder since already authenticated io.github.api.security.CustomAuthentication@58adc207
2025-01-16T14:24:38.762-03:00 DEBUG 28809 --- [api] [http-nio-8080-exec-2] o.s.security.web.FilterChainProxy        : Secured GET /order?days=30
2025-01-16T14:24:38.763-03:00 DEBUG 28809 --- [api] [http-nio-8080-exec-2] o.s.web.servlet.DispatcherServlet        : GET "/order?days=30", parameters={masked}
2025-01-16T14:24:38.764-03:00 DEBUG 28809 --- [api] [http-nio-8080-exec-2] s.w.s.m.m.a.RequestMappingHandlerMapping : Mapped to io.github.api.controller.OrderController#getOrders(Integer)
2025-01-16T14:24:38.773-03:00 DEBUG 28809 --- [api] [http-nio-8080-exec-2] horizationManagerBeforeMethodInterceptor : Authorizing method invocation ReflectiveMethodInvocation: public org.springframework.http.ResponseEntity io.github.api.controller.OrderController.getOrders(java.lang.Integer); target is of class [io.github.api.controller.OrderController]
2025-01-16T14:24:38.779-03:00 DEBUG 28809 --- [api] [http-nio-8080-exec-2] horizationManagerBeforeMethodInterceptor : Authorized method invocation ReflectiveMethodInvocation: public org.springframework.http.ResponseEntity io.github.api.controller.OrderController.getOrders(java.lang.Integer); target is of class [io.github.api.controller.OrderController]
2025-01-16T14:24:38.829-03:00 DEBUG 28809 --- [api] [http-nio-8080-exec-2] o.s.w.s.m.m.a.HttpEntityMethodProcessor  : Using 'application/json', given [*/*] and supported [application/json, application/*+json, application/yaml]
2025-01-16T14:24:38.831-03:00 DEBUG 28809 --- [api] [http-nio-8080-exec-2] o.s.w.s.m.m.a.HttpEntityMethodProcessor  : Writing [[OrderResponseDTO[id=55daf9dc-62bb-425c-9cdb-86b14cc61b16, orderDate=2025-01-09, lastUpdate=2025-01- (truncated)...]
2025-01-16T14:24:38.860-03:00 TRACE 28809 --- [api] [http-nio-8080-exec-2] o.s.s.w.header.writers.HstsHeaderWriter  : Not injecting HSTS header since it did not match request to [Is Secure]
2025-01-16T14:24:38.861-03:00 DEBUG 28809 --- [api] [http-nio-8080-exec-2] o.s.web.servlet.DispatcherServlet        : Completed 200 OK
2025-01-16T14:25:41.090-03:00 ERROR 28809 --- [api] [restartedMain] o.s.boot.SpringApplication               : Application run failed

org.yaml.snakeyaml.scanner.ScannerException: while scanning a simple key
 in 'reader', line 29, column 1:
    logging.
    ^
could not find expected ':'
 in 'reader', line 31, column 1:
    #logging:
    ^

	at org.yaml.snakeyaml.scanner.ScannerImpl.stalePossibleSimpleKeys(ScannerImpl.java:502) ~[snakeyaml-2.3.jar:na]
	at org.yaml.snakeyaml.scanner.ScannerImpl.needMoreTokens(ScannerImpl.java:307) ~[snakeyaml-2.3.jar:na]
	at org.yaml.snakeyaml.scanner.ScannerImpl.checkToken(ScannerImpl.java:237) ~[snakeyaml-2.3.jar:na]
	at org.yaml.snakeyaml.parser.ParserImpl$ParseBlockMappingKey.produce(ParserImpl.java:637) ~[snakeyaml-2.3.jar:na]
	at org.yaml.snakeyaml.parser.ParserImpl.peekEvent(ParserImpl.java:161) ~[snakeyaml-2.3.jar:na]
	at org.yaml.snakeyaml.comments.CommentEventsCollector$1.peek(CommentEventsCollector.java:57) ~[snakeyaml-2.3.jar:na]
	at org.yaml.snakeyaml.comments.CommentEventsCollector$1.peek(CommentEventsCollector.java:43) ~[snakeyaml-2.3.jar:na]
	at org.yaml.snakeyaml.comments.CommentEventsCollector.collectEvents(CommentEventsCollector.java:136) ~[snakeyaml-2.3.jar:na]
	at org.yaml.snakeyaml.comments.CommentEventsCollector.collectEvents(CommentEventsCollector.java:116) ~[snakeyaml-2.3.jar:na]
	at org.yaml.snakeyaml.composer.Composer.composeScalarNode(Composer.java:249) ~[snakeyaml-2.3.jar:na]
	at org.yaml.snakeyaml.composer.Composer.composeNode(Composer.java:214) ~[snakeyaml-2.3.jar:na]
	at org.yaml.snakeyaml.composer.Composer.composeValueNode(Composer.java:396) ~[snakeyaml-2.3.jar:na]
	at org.yaml.snakeyaml.composer.Composer.composeMappingChildren(Composer.java:361) ~[snakeyaml-2.3.jar:na]
	at org.yaml.snakeyaml.composer.Composer.composeMappingNode(Composer.java:329) ~[snakeyaml-2.3.jar:na]
	at org.yaml.snakeyaml.composer.Composer.composeNode(Composer.java:218) ~[snakeyaml-2.3.jar:na]
	at org.yaml.snakeyaml.composer.Composer.composeValueNode(Composer.java:396) ~[snakeyaml-2.3.jar:na]
	at org.yaml.snakeyaml.composer.Composer.composeMappingChildren(Composer.java:361) ~[snakeyaml-2.3.jar:na]
	at org.yaml.snakeyaml.composer.Composer.composeMappingNode(Composer.java:329) ~[snakeyaml-2.3.jar:na]
	at org.yaml.snakeyaml.composer.Composer.composeNode(Composer.java:218) ~[snakeyaml-2.3.jar:na]
	at org.yaml.snakeyaml.composer.Composer.composeValueNode(Composer.java:396) ~[snakeyaml-2.3.jar:na]
	at org.yaml.snakeyaml.composer.Composer.composeMappingChildren(Composer.java:361) ~[snakeyaml-2.3.jar:na]
	at org.yaml.snakeyaml.composer.Composer.composeMappingNode(Composer.java:329) ~[snakeyaml-2.3.jar:na]
	at org.yaml.snakeyaml.composer.Composer.composeNode(Composer.java:218) ~[snakeyaml-2.3.jar:na]
	at org.yaml.snakeyaml.composer.Composer.getNode(Composer.java:141) ~[snakeyaml-2.3.jar:na]
	at org.yaml.snakeyaml.constructor.BaseConstructor.getData(BaseConstructor.java:162) ~[snakeyaml-2.3.jar:na]
	at org.springframework.boot.env.OriginTrackedYamlLoader$OriginTrackingConstructor.getData(OriginTrackedYamlLoader.java:99) ~[spring-boot-3.4.0.jar:3.4.0]
	at org.yaml.snakeyaml.Yaml$1.next(Yaml.java:529) ~[snakeyaml-2.3.jar:na]
	at org.springframework.beans.factory.config.YamlProcessor.process(YamlProcessor.java:203) ~[spring-beans-6.2.0.jar:6.2.0]
	at org.springframework.beans.factory.config.YamlProcessor.process(YamlProcessor.java:169) ~[spring-beans-6.2.0.jar:6.2.0]
	at org.springframework.boot.env.OriginTrackedYamlLoader.load(OriginTrackedYamlLoader.java:84) ~[spring-boot-3.4.0.jar:3.4.0]
	at org.springframework.boot.env.YamlPropertySourceLoader.load(YamlPropertySourceLoader.java:50) ~[spring-boot-3.4.0.jar:3.4.0]
	at org.springframework.boot.context.config.StandardConfigDataLoader.load(StandardConfigDataLoader.java:54) ~[spring-boot-3.4.0.jar:3.4.0]
	at org.springframework.boot.context.config.StandardConfigDataLoader.load(StandardConfigDataLoader.java:36) ~[spring-boot-3.4.0.jar:3.4.0]
	at org.springframework.boot.context.config.ConfigDataLoaders.load(ConfigDataLoaders.java:96) ~[spring-boot-3.4.0.jar:3.4.0]
	at org.springframework.boot.context.config.ConfigDataImporter.load(ConfigDataImporter.java:132) ~[spring-boot-3.4.0.jar:3.4.0]
	at org.springframework.boot.context.config.ConfigDataImporter.resolveAndLoad(ConfigDataImporter.java:87) ~[spring-boot-3.4.0.jar:3.4.0]
	at org.springframework.boot.context.config.ConfigDataEnvironmentContributors.withProcessedImports(ConfigDataEnvironmentContributors.java:121) ~[spring-boot-3.4.0.jar:3.4.0]
	at org.springframework.boot.context.config.ConfigDataEnvironment.processInitial(ConfigDataEnvironment.java:245) ~[spring-boot-3.4.0.jar:3.4.0]
	at org.springframework.boot.context.config.ConfigDataEnvironment.processAndApply(ConfigDataEnvironment.java:232) ~[spring-boot-3.4.0.jar:3.4.0]
	at org.springframework.boot.context.config.ConfigDataEnvironmentPostProcessor.postProcessEnvironment(ConfigDataEnvironmentPostProcessor.java:96) ~[spring-boot-3.4.0.jar:3.4.0]
	at org.springframework.boot.context.config.ConfigDataEnvironmentPostProcessor.postProcessEnvironment(ConfigDataEnvironmentPostProcessor.java:89) ~[spring-boot-3.4.0.jar:3.4.0]
	at org.springframework.boot.env.EnvironmentPostProcessorApplicationListener.onApplicationEnvironmentPreparedEvent(EnvironmentPostProcessorApplicationListener.java:132) ~[spring-boot-3.4.0.jar:3.4.0]
	at org.springframework.boot.env.EnvironmentPostProcessorApplicationListener.onApplicationEvent(EnvironmentPostProcessorApplicationListener.java:115) ~[spring-boot-3.4.0.jar:3.4.0]
	at org.springframework.context.event.SimpleApplicationEventMulticaster.doInvokeListener(SimpleApplicationEventMulticaster.java:185) ~[spring-context-6.2.0.jar:6.2.0]
	at org.springframework.context.event.SimpleApplicationEventMulticaster.invokeListener(SimpleApplicationEventMulticaster.java:178) ~[spring-context-6.2.0.jar:6.2.0]
	at org.springframework.context.event.SimpleApplicationEventMulticaster.multicastEvent(SimpleApplicationEventMulticaster.java:156) ~[spring-context-6.2.0.jar:6.2.0]
	at org.springframework.context.event.SimpleApplicationEventMulticaster.multicastEvent(SimpleApplicationEventMulticaster.java:138) ~[spring-context-6.2.0.jar:6.2.0]
	at org.springframework.boot.context.event.EventPublishingRunListener.multicastInitialEvent(EventPublishingRunListener.java:136) ~[spring-boot-3.4.0.jar:3.4.0]
	at org.springframework.boot.context.event.EventPublishingRunListener.environmentPrepared(EventPublishingRunListener.java:81) ~[spring-boot-3.4.0.jar:3.4.0]
	at org.springframework.boot.SpringApplicationRunListeners.lambda$environmentPrepared$2(SpringApplicationRunListeners.java:64) ~[spring-boot-3.4.0.jar:3.4.0]
	at java.base/java.lang.Iterable.forEach(Iterable.java:75) ~[na:na]
	at org.springframework.boot.SpringApplicationRunListeners.doWithListeners(SpringApplicationRunListeners.java:118) ~[spring-boot-3.4.0.jar:3.4.0]
	at org.springframework.boot.SpringApplicationRunListeners.doWithListeners(SpringApplicationRunListeners.java:112) ~[spring-boot-3.4.0.jar:3.4.0]
	at org.springframework.boot.SpringApplicationRunListeners.environmentPrepared(SpringApplicationRunListeners.java:63) ~[spring-boot-3.4.0.jar:3.4.0]
	at org.springframework.boot.SpringApplication.prepareEnvironment(SpringApplication.java:353) ~[spring-boot-3.4.0.jar:3.4.0]
	at org.springframework.boot.SpringApplication.run(SpringApplication.java:313) ~[spring-boot-3.4.0.jar:3.4.0]
	at org.springframework.boot.SpringApplication.run(SpringApplication.java:1361) ~[spring-boot-3.4.0.jar:3.4.0]
	at org.springframework.boot.SpringApplication.run(SpringApplication.java:1350) ~[spring-boot-3.4.0.jar:3.4.0]
	at io.github.api.ApiApplication.main(ApiApplication.java:14) ~[classes/:na]
	at java.base/jdk.internal.reflect.DirectMethodHandleAccessor.invoke(DirectMethodHandleAccessor.java:103) ~[na:na]
	at java.base/java.lang.reflect.Method.invoke(Method.java:580) ~[na:na]
	at org.springframework.boot.devtools.restart.RestartLauncher.run(RestartLauncher.java:50) ~[spring-boot-devtools-3.4.0.jar:3.4.0]

